[0m[[0m[0mdebug[0m] [0m[0m> Exec(run, Some(c689c297-2494-4eab-b6c7-4a8d232f0d1e), Some(CommandSource(console0)))[0m
[0m[[0m[0mdebug[0m] [0m[0mEvaluating tasks: Compile / run[0m
[0m[[0m[0mdebug[0m] [0m[0mRunning task... Cancel: Signal, check cycles: false, forcegc: true[0m
[0m[[0m[0minfo[0m] [0m[0mcompiling 12 Scala sources to /home/lvanessa/projectScala/fpwithscala-users/target/scala-2.13/classes ...[0m
[0m[[0m[31merror[0m] [0m[0m'nowarn' is not a valid choice for '-Wunused'[0m
[0m[[0m[31merror[0m] [0m[0m/home/lvanessa/projectScala/fpwithscala-users/src/main/scala/co/s4ncampus/fpwithscala/users/domain/UserRepositoryAlgebra.scala:3:19: Unused import[0m
[0m[[0m[31merror[0m] [0m[0mimport cats.data.{EitherT, OptionT}[0m
[0m[[0m[31merror[0m] [0m[0m                  ^[0m
[0m[[0m[31merror[0m] [0m[0m/home/lvanessa/projectScala/fpwithscala-users/src/main/scala/co/s4ncampus/fpwithscala/users/domain/UserRepositoryAlgebra.scala:4:19: Unused import[0m
[0m[[0m[31merror[0m] [0m[0mimport org.http4s.Message[0m
[0m[[0m[31merror[0m] [0m[0m                  ^[0m
[0m[[0m[31merror[0m] [0m[0m/home/lvanessa/projectScala/fpwithscala-users/src/main/scala/co/s4ncampus/fpwithscala/users/domain/UserService.scala:5:19: Unused import[0m
[0m[[0m[31merror[0m] [0m[0mimport org.http4s.Message[0m
[0m[[0m[31merror[0m] [0m[0m                  ^[0m
[0m[[0m[31merror[0m] [0m[0m/home/lvanessa/projectScala/fpwithscala-users/src/main/scala/co/s4ncampus/fpwithscala/users/infraestructure/repository/DoobieUserRepositoryInterpreter.scala:43:97: type mismatch;[0m
[0m[[0m[31merror[0m] [0m[0m found   : F[Int][0m
[0m[[0m[31merror[0m] [0m[0m required: cats.data.OptionT[F,Unit][0m
[0m[[0m[31merror[0m] [0m[0m  def updateUser(legalId: String,user:User):OptionT[F, Unit] = update(legalId,user).run.transact(xa)[0m
[0m[[0m[31merror[0m] [0m[0m                                                                                                ^[0m
[0m[[0m[0minfo[0m] [0m[0mF[Int] <: cats.data.OptionT[F,Unit]?[0m
[0m[[0m[0minfo[0m] [0m[0mfalse[0m
[0m[[0m[31merror[0m] [0m[0mfour errors found[0m
[0m[[0m[31merror[0m] [0m[0m(Compile / [31mcompileIncremental[0m) Compilation failed[0m
[0m[[0m[31merror[0m] [0m[0mTotal time: 5 s, completed Mar 10, 2021 5:44:09 PM[0m
[0m[[0m[0mdebug[0m] [0m[0m> Exec(shell, None, None)[0m
