[0m[[0m[0mdebug[0m] [0m[0m> Exec(run, Some(484d67a7-fed9-46e9-8aff-13b43bdbbaa4), Some(CommandSource(console0)))[0m
[0m[[0m[0mdebug[0m] [0m[0mEvaluating tasks: Compile / run[0m
[0m[[0m[0mdebug[0m] [0m[0mRunning task... Cancel: Signal, check cycles: false, forcegc: true[0m
[0m[[0m[0minfo[0m] [0m[0mcompiling 12 Scala sources to /home/lvanessa/projectScala/fpwithscala-users/target/scala-2.13/classes ...[0m
[0m[[0m[31merror[0m] [0m[0m'nowarn' is not a valid choice for '-Wunused'[0m
[0m[[0m[31merror[0m] [0m[0m/home/lvanessa/projectScala/fpwithscala-users/src/main/scala/co/s4ncampus/fpwithscala/users/controller/UsersController.scala:39:26: type mismatch;[0m
[0m[[0m[31merror[0m] [0m[0m found   : co.s4ncampus.fpwithscala.users.domain.User => F[_][0m
[0m[[0m[31merror[0m] [0m[0m required: co.s4ncampus.fpwithscala.users.domain.User => F[Any][0m
[0m[[0m[31merror[0m] [0m[0m                    user <- req.as[User][0m
[0m[[0m[31merror[0m] [0m[0m                         ^[0m
[0m[[0m[0minfo[0m] [0m[0mco.s4ncampus.fpwithscala.users.domain.User => F[_] <: co.s4ncampus.fpwithscala.users.domain.User => F[Any]?[0m
[0m[[0m[0minfo[0m] [0m[0mfalse[0m
[0m[[0m[31merror[0m] [0m[0m/home/lvanessa/projectScala/fpwithscala-users/src/main/scala/co/s4ncampus/fpwithscala/users/controller/UsersController.scala:37:38: pattern var id in method applyOrElse is never used; `id@_` suppresses this warning[0m
[0m[[0m[31merror[0m] [0m[0m            case req @ PUT -> Root / id =>[0m
[0m[[0m[31merror[0m] [0m[0m                                     ^[0m
[0m[[0m[31merror[0m] [0m[0m/home/lvanessa/projectScala/fpwithscala-users/src/main/scala/co/s4ncampus/fpwithscala/users/controller/UsersController.scala:35:28: parameter value userService in method updateUser is never used[0m
[0m[[0m[31merror[0m] [0m[0m    private def updateUser(userService: UserService[F]): HttpRoutes[F] =[0m
[0m[[0m[31merror[0m] [0m[0m                           ^[0m
[0m[[0m[31merror[0m] [0m[0mthree errors found[0m
[0m[[0m[31merror[0m] [0m[0m(Compile / [31mcompileIncremental[0m) Compilation failed[0m
[0m[[0m[31merror[0m] [0m[0mTotal time: 2 s, completed Mar 10, 2021 5:26:44 PM[0m
[0m[[0m[0mdebug[0m] [0m[0m> Exec(shell, None, None)[0m
