[0m[[0m[0mdebug[0m] [0m[0m> Exec(run, Some(8940c862-07db-4dbb-88e9-8adb8d4ffc01), Some(CommandSource(console0)))[0m
[0m[[0m[0mdebug[0m] [0m[0mEvaluating tasks: Compile / run[0m
[0m[[0m[0mdebug[0m] [0m[0mRunning task... Cancel: Signal, check cycles: false, forcegc: true[0m
[0m[[0m[0minfo[0m] [0m[0mcompiling 3 Scala sources to /home/lvanessa/projectScala/fpwithscala-users/target/scala-2.13/classes ...[0m
[0m[[0m[31merror[0m] [0m[0m'nowarn' is not a valid choice for '-Wunused'[0m
[0m[[0m[0minfo[0m] [0m[0mcompiling 1 Scala source to /home/lvanessa/projectScala/fpwithscala-users/target/scala-2.13/classes ...[0m
[0m[[0m[31merror[0m] [0m[0m'nowarn' is not a valid choice for '-Wunused'[0m
[0m[[0m[31merror[0m] [0m[0m/home/lvanessa/projectScala/fpwithscala-users/src/main/scala/co/s4ncampus/fpwithscala/users/infraestructure/repository/DoobieUserRepositoryInterpreter.scala:26:7: class DoobieUserRepositoryInterpreter needs to be abstract. Missing implementation for:[0m
[0m[[0m[31merror[0m] [0m[0m  def read(user: co.s4ncampus.fpwithscala.users.domain.User): cats.data.OptionT[F,co.s4ncampus.fpwithscala.users.domain.User] // inherited from trait UserRepositoryAlgebra[0m
[0m[[0m[31merror[0m] [0m[0mclass DoobieUserRepositoryInterpreter[F[_]: Bracket[?[_], Throwable]](val xa: Transactor[F])[0m
[0m[[0m[31merror[0m] [0m[0m      ^[0m
[0m[[0m[31merror[0m] [0m[0mone error found[0m
[0m[[0m[31merror[0m] [0m[0m(Compile / [31mcompileIncremental[0m) Compilation failed[0m
[0m[[0m[31merror[0m] [0m[0mTotal time: 5 s, completed Mar 10, 2021 1:18:25 PM[0m
[0m[[0m[0mdebug[0m] [0m[0m> Exec(shell, None, None)[0m
[0m[[0m[0mdebug[0m] [0m[0mForcing garbage collection...[0m
[0m[[0m[0mdebug[0m] [0m[0mjsonRpcNotify: JsonRpcNotificationMessage(2.0, shutdown, [false,null])[0m
[0m[[0m[0mdebug[0m] [0m[0mjsonRpcNotify: JsonRpcNotificationMessage(2.0, shutdown, [true,null])[0m
[0m[[0m[0mdebug[0m] [0m[0mjsonRpcNotify: JsonRpcNotificationMessage(2.0, shutdown, [false,null])[0m
[0m[[0m[0minfo[0m] [0m[0mshutting down sbt server[0m
[0m[[0m[0mdebug[0m] [0m[0mjsonRpcNotify: JsonRpcNotificationMessage(2.0, shutdown, [true,null])[0m
[0m[[0m[0mdebug[0m] [0m[0mjsonRpcNotify: JsonRpcNotificationMessage(2.0, shutdown, [true,null])[0m
[0m[[0m[0mdebug[0m] [0m[0mjsonRpcNotify: JsonRpcNotificationMessage(2.0, shutdown, [true,null])[0m
