[0m[[0m[0mdebug[0m] [0m[0m> Exec(run, Some(4d98045f-5683-4a12-8954-7863d40865a0), Some(CommandSource(console0)))[0m
[0m[[0m[0mdebug[0m] [0m[0mEvaluating tasks: Compile / run[0m
[0m[[0m[0mdebug[0m] [0m[0mRunning task... Cancel: Signal, check cycles: false, forcegc: true[0m
[0m[[0m[0minfo[0m] [0m[0mcompiling 12 Scala sources to /home/lvanessa/projectScala/fpwithscala-users/target/scala-2.13/classes ...[0m
[0m[[0m[31merror[0m] [0m[0m'nowarn' is not a valid choice for '-Wunused'[0m
[0m[[0m[31merror[0m] [0m[0m/home/lvanessa/projectScala/fpwithscala-users/src/main/scala/co/s4ncampus/fpwithscala/users/controller/UsersController.scala:37:63: value value is not a member of Boolean[0m
[0m[[0m[31merror[0m] [0m[0m                    result <- userService.updateUser(id,user).value[0m
[0m[[0m[31merror[0m] [0m[0m                                                              ^[0m
[0m[[0m[31merror[0m] [0m[0m/home/lvanessa/projectScala/fpwithscala-users/src/main/scala/co/s4ncampus/fpwithscala/users/controller/UsersController.scala:40:24: value flatMap is not a member of type parameter F[Nothing][0m
[0m[[0m[31merror[0m] [0m[0m                action.flatMap {[0m
[0m[[0m[31merror[0m] [0m[0m                       ^[0m
[0m[[0m[31merror[0m] [0m[0m/home/lvanessa/projectScala/fpwithscala-users/src/main/scala/co/s4ncampus/fpwithscala/users/controller/UsersController.scala:32:28: parameter value userService in method updateUser is never used[0m
[0m[[0m[31merror[0m] [0m[0m    private def updateUser(userService: UserService[F]): HttpRoutes[F] =[0m
[0m[[0m[31merror[0m] [0m[0m                           ^[0m
[0m[[0m[31merror[0m] [0m[0m/home/lvanessa/projectScala/fpwithscala-users/src/main/scala/co/s4ncampus/fpwithscala/users/domain/UserService.scala:5:19: Unused import[0m
[0m[[0m[31merror[0m] [0m[0mimport org.http4s.Message[0m
[0m[[0m[31merror[0m] [0m[0m                  ^[0m
[0m[[0m[31merror[0m] [0m[0m/home/lvanessa/projectScala/fpwithscala-users/src/main/scala/co/s4ncampus/fpwithscala/users/infraestructure/repository/DoobieUserRepositoryInterpreter.scala:42:70: type mismatch;[0m
[0m[[0m[31merror[0m] [0m[0m found   : doobie.Update0[0m
[0m[[0m[31merror[0m] [0m[0m    (which expands to)  doobie.util.update.Update0[0m
[0m[[0m[31merror[0m] [0m[0m required: Boolean[0m
[0m[[0m[31merror[0m] [0m[0m  def updateUser(legalId: String,user:User): Boolean = UserSQL.update(legalId,user)[0m
[0m[[0m[31merror[0m] [0m[0m                                                                     ^[0m
[0m[[0m[0minfo[0m] [0m[0mdoobie.Update0 <: Boolean?[0m
[0m[[0m[0minfo[0m] [0m[0mfalse[0m
[0m[[0m[31merror[0m] [0m[0m5 errors found[0m
[0m[[0m[0mdebug[0m] [0m[0mForcing garbage collection...[0m
[0m[[0m[31merror[0m] [0m[0m(Compile / [31mcompileIncremental[0m) Compilation failed[0m
[0m[[0m[31merror[0m] [0m[0mTotal time: 2 s, completed Mar 10, 2021 6:50:46 PM[0m
[0m[[0m[0mdebug[0m] [0m[0m> Exec(shell, None, None)[0m
